# JRE version: OpenJDK Runtime Environment Temurin-21.0.8+9 (21.0.8+9) (build 21.0.8+9-LTS)
# Java VM: OpenJDK 64-Bit Server VM Temurin-21.0.8+9 (21.0.8+9-LTS, mixed mode, sharing, tiered, compressed oops, compressed class ptrs, parallel gc, windows-amd64)
GC Precious Log:
 CardTable entry size: 512
 CPUs: 4 total, 4 available
 Memory: 3962M
 Large Page Support: Disabled
 NUMA Support: Disabled
 Compressed Oops: Enabled (32-bit)
 Alignments: Space 512K, Generation 512K, Heap 2M
 Heap Min Capacity: 100M
 Heap Initial Capacity: 100M
 Heap Max Capacity: 2G
 Pre-touch: Disabled
 Parallel Workers: 4
Heap:
 PSYoungGen      total 4608K, used 4446K [0x00000000d5580000, 0x00000000d5d80000, 0x0000000100000000)
  eden space 4096K, 96% used [0x00000000d5580000,0x00000000d595cae0,0x00000000d5980000)
  from space 512K, 96% used [0x00000000d5b00000,0x00000000d5b7b0b8,0x00000000d5b80000)
  to   space 1536K, 0% used [0x00000000d5980000,0x00000000d5980000,0x00000000d5b00000)
 ParOldGen       total 973312K, used 973145K [0x0000000080000000, 0x00000000bb680000, 0x00000000d5580000)
  object space 973312K, 99% used [0x0000000080000000,0x00000000bb6567f8,0x00000000bb680000)
 Metaspace       used 78567K, committed 80256K, reserved 1179648K
  class space    used 8211K, committed 8960K, reserved 1048576K
GC Heap History (20 events):
Event: 412.891 GC heap before
{Heap before GC invocations=1368 (full 3):
 PSYoungGen      total 3584K, used 3584K [0x00000000d5580000, 0x00000000d5e00000, 0x0000000100000000)
  eden space 3072K, 100% used [0x00000000d5580000,0x00000000d5880000,0x00000000d5880000)
  from space 512K, 100% used [0x00000000d5b00000,0x00000000d5b80000,0x00000000d5b80000)
  to   space 2560K, 0% used [0x00000000d5880000,0x00000000d5880000,0x00000000d5b00000)
 ParOldGen       total 967168K, used 966906K [0x0000000080000000, 0x00000000bb080000, 0x00000000d5580000)
  object space 967168K, 99% used [0x0000000080000000,0x00000000bb03e9a0,0x00000000bb080000)
 Metaspace       used 78374K, committed 80064K, reserved 1179648K
  class space    used 8200K, committed 8960K, reserved 1048576K
}
Event: 412.907 GC heap after
{Heap after GC invocations=1368 (full 3):
 PSYoungGen      total 4096K, used 928K [0x00000000d5580000, 0x00000000d5b80000, 0x0000000100000000)
  eden space 3072K, 0% used [0x00000000d5580000,0x00000000d5580000,0x00000000d5880000)
  from space 1024K, 90% used [0x00000000d5880000,0x00000000d5968000,0x00000000d5980000)
  to   space 1536K, 0% used [0x00000000d5a00000,0x00000000d5a00000,0x00000000d5b80000)
 ParOldGen       total 967680K, used 967434K [0x0000000080000000, 0x00000000bb100000, 0x00000000d5580000)
  object space 967680K, 99% used [0x0000000080000000,0x00000000bb0c29b0,0x00000000bb100000)
 Metaspace       used 78374K, committed 80064K, reserved 1179648K
  class space    used 8200K, committed 8960K, reserved 1048576K
}
Event: 413.010 GC heap before
{Heap before GC invocations=1369 (full 3):
 PSYoungGen      total 4096K, used 3999K [0x00000000d5580000, 0x00000000d5b80000, 0x0000000100000000)
  eden space 3072K, 99% used [0x00000000d5580000,0x00000000d587ffe0,0x00000000d5880000)
  from space 1024K, 90% used [0x00000000d5880000,0x00000000d5968000,0x00000000d5980000)
  to   space 1536K, 0% used [0x00000000d5a00000,0x00000000d5a00000,0x00000000d5b80000)
 ParOldGen       total 967680K, used 967434K [0x0000000080000000, 0x00000000bb100000, 0x00000000d5580000)
  object space 967680K, 99% used [0x0000000080000000,0x00000000bb0c29b0,0x00000000bb100000)
 Metaspace       used 78394K, committed 80064K, reserved 1179648K
  class space    used 8201K, committed 8960K, reserved 1048576K
}
Event: 413.031 GC heap after
{Heap after GC invocations=1369 (full 3):
 PSYoungGen      total 4096K, used 649K [0x00000000d5580000, 0x00000000d5b00000, 0x0000000100000000)
  eden space 3072K, 0% used [0x00000000d5580000,0x00000000d5580000,0x00000000d5880000)
  from space 1024K, 63% used [0x00000000d5a00000,0x00000000d5aa2400,0x00000000d5b00000)
  to   space 1024K, 0% used [0x00000000d5880000,0x00000000d5880000,0x00000000d5980000)
 ParOldGen       total 968704K, used 968298K [0x0000000080000000, 0x00000000bb200000, 0x00000000d5580000)
  object space 968704K, 99% used [0x0000000080000000,0x00000000bb19a9b0,0x00000000bb200000)
 Metaspace       used 78394K, committed 80064K, reserved 1179648K
  class space    used 8201K, committed 8960K, reserved 1048576K
}
Event: 413.062 GC heap before
{Heap before GC invocations=1370 (full 3):
 PSYoungGen      total 4096K, used 3721K [0x00000000d5580000, 0x00000000d5b00000, 0x0000000100000000)
  eden space 3072K, 100% used [0x00000000d5580000,0x00000000d5880000,0x00000000d5880000)
  from space 1024K, 63% used [0x00000000d5a00000,0x00000000d5aa2400,0x00000000d5b00000)
  to   space 1024K, 0% used [0x00000000d5880000,0x00000000d5880000,0x00000000d5980000)
 ParOldGen       total 968704K, used 968298K [0x0000000080000000, 0x00000000bb200000, 0x00000000d5580000)
  object space 968704K, 99% used [0x0000000080000000,0x00000000bb19a9b0,0x00000000bb200000)
 Metaspace       used 78400K, committed 80128K, reserved 1179648K
  class space    used 8201K, committed 8960K, reserved 1048576K
}
Event: 413.071 GC heap after
{Heap after GC invocations=1370 (full 3):
 PSYoungGen      total 4096K, used 656K [0x00000000d5580000, 0x00000000d5a80000, 0x0000000100000000)
  eden space 3072K, 0% used [0x00000000d5580000,0x00000000d5580000,0x00000000d5880000)
  from space 1024K, 64% used [0x00000000d5880000,0x00000000d5924010,0x00000000d5980000)
  to   space 1024K, 0% used [0x00000000d5980000,0x00000000d5980000,0x00000000d5a80000)
 ParOldGen       total 969216K, used 968784K [0x0000000080000000, 0x00000000bb280000, 0x00000000d5580000)
  object space 969216K, 99% used [0x0000000080000000,0x00000000bb214120,0x00000000bb280000)
 Metaspace       used 78400K, committed 80128K, reserved 1179648K
  class space    used 8201K, committed 8960K, reserved 1048576K
}
Event: 413.129 GC heap before
{Heap before GC invocations=1371 (full 3):
 PSYoungGen      total 4096K, used 3728K [0x00000000d5580000, 0x00000000d5a80000, 0x0000000100000000)
  eden space 3072K, 100% used [0x00000000d5580000,0x00000000d5880000,0x00000000d5880000)
  from space 1024K, 64% used [0x00000000d5880000,0x00000000d5924010,0x00000000d5980000)
  to   space 1024K, 0% used [0x00000000d5980000,0x00000000d5980000,0x00000000d5a80000)
 ParOldGen       total 969216K, used 968784K [0x0000000080000000, 0x00000000bb280000, 0x00000000d5580000)
  object space 969216K, 99% used [0x0000000080000000,0x00000000bb214120,0x00000000bb280000)
 Metaspace       used 78420K, committed 80128K, reserved 1179648K
  class space    used 8202K, committed 8960K, reserved 1048576K
}
Event: 413.146 GC heap after
{Heap after GC invocations=1371 (full 3):
 PSYoungGen      total 4096K, used 480K [0x00000000d5580000, 0x00000000d5a80000, 0x0000000100000000)
  eden space 3072K, 0% used [0x00000000d5580000,0x00000000d5580000,0x00000000d5880000)
  from space 1024K, 46% used [0x00000000d5980000,0x00000000d59f8000,0x00000000d5a80000)
  to   space 1024K, 0% used [0x00000000d5880000,0x00000000d5880000,0x00000000d5980000)
 ParOldGen       total 969728K, used 969328K [0x0000000080000000, 0x00000000bb300000, 0x00000000d5580000)
  object space 969728K, 99% used [0x0000000080000000,0x00000000bb29c140,0x00000000bb300000)
 Metaspace       used 78420K, committed 80128K, reserved 1179648K
  class space    used 8202K, committed 8960K, reserved 1048576K
}
Event: 413.207 GC heap before
{Heap before GC invocations=1372 (full 3):
 PSYoungGen      total 4096K, used 3552K [0x00000000d5580000, 0x00000000d5a80000, 0x0000000100000000)
  eden space 3072K, 100% used [0x00000000d5580000,0x00000000d5880000,0x00000000d5880000)
  from space 1024K, 46% used [0x00000000d5980000,0x00000000d59f8000,0x00000000d5a80000)
  to   space 1024K, 0% used [0x00000000d5880000,0x00000000d5880000,0x00000000d5980000)
 ParOldGen       total 969728K, used 969328K [0x0000000080000000, 0x00000000bb300000, 0x00000000d5580000)
  object space 969728K, 99% used [0x0000000080000000,0x00000000bb29c140,0x00000000bb300000)
 Metaspace       used 78420K, committed 80128K, reserved 1179648K
  class space    used 8202K, committed 8960K, reserved 1048576K
}
Event: 413.237 GC heap after
{Heap after GC invocations=1372 (full 3):
 PSYoungGen      total 4096K, used 896K [0x00000000d5580000, 0x00000000d5b80000, 0x0000000100000000)
  eden space 3072K, 0% used [0x00000000d5580000,0x00000000d5580000,0x00000000d5880000)
  from space 1024K, 87% used [0x00000000d5880000,0x00000000d5960000,0x00000000d5980000)
  to   space 1024K, 0% used [0x00000000d5a80000,0x00000000d5a80000,0x00000000d5b80000)
 ParOldGen       total 970240K, used 969744K [0x0000000080000000, 0x00000000bb380000, 0x00000000d5580000)
  object space 970240K, 99% used [0x0000000080000000,0x00000000bb304140,0x00000000bb380000)
 Metaspace       used 78420K, committed 80128K, reserved 1179648K
  class space    used 8202K, committed 8960K, reserved 1048576K
}
Event: 413.790 GC heap before
{Heap before GC invocations=1373 (full 3):
 PSYoungGen      total 4096K, used 3968K [0x00000000d5580000, 0x00000000d5b80000, 0x0000000100000000)
  eden space 3072K, 100% used [0x00000000d5580000,0x00000000d5880000,0x00000000d5880000)
  from space 1024K, 87% used [0x00000000d5880000,0x00000000d5960000,0x00000000d5980000)
  to   space 1024K, 0% used [0x00000000d5a80000,0x00000000d5a80000,0x00000000d5b80000)
 ParOldGen       total 970240K, used 969744K [0x0000000080000000, 0x00000000bb380000, 0x00000000d5580000)
  object space 970240K, 99% used [0x0000000080000000,0x00000000bb304140,0x00000000bb380000)
 Metaspace       used 78420K, committed 80128K, reserved 1179648K
  class space    used 8202K, committed 8960K, reserved 1048576K
}
Event: 413.840 GC heap after
{Heap after GC invocations=1373 (full 3):
 PSYoungGen      total 4096K, used 996K [0x00000000d5580000, 0x00000000d5b80000, 0x0000000100000000)
  eden space 3072K, 0% used [0x00000000d5580000,0x00000000d5580000,0x00000000d5880000)
  from space 1024K, 97% used [0x00000000d5a80000,0x00000000d5b79220,0x00000000d5b80000)
  to   space 1536K, 0% used [0x00000000d5880000,0x00000000d5880000,0x00000000d5a00000)
 ParOldGen       total 970752K, used 970568K [0x0000000080000000, 0x00000000bb400000, 0x00000000d5580000)
  object space 970752K, 99% used [0x0000000080000000,0x00000000bb3d2150,0x00000000bb400000)
 Metaspace       used 78420K, committed 80128K, reserved 1179648K
  class space    used 8202K, committed 8960K, reserved 1048576K
}
Event: 413.910 GC heap before
{Heap before GC invocations=1374 (full 3):
 PSYoungGen      total 4096K, used 4068K [0x00000000d5580000, 0x00000000d5b80000, 0x0000000100000000)
  eden space 3072K, 100% used [0x00000000d5580000,0x00000000d5880000,0x00000000d5880000)
  from space 1024K, 97% used [0x00000000d5a80000,0x00000000d5b79220,0x00000000d5b80000)
  to   space 1536K, 0% used [0x00000000d5880000,0x00000000d5880000,0x00000000d5a00000)
 ParOldGen       total 970752K, used 970568K [0x0000000080000000, 0x00000000bb400000, 0x00000000d5580000)
  object space 970752K, 99% used [0x0000000080000000,0x00000000bb3d2150,0x00000000bb400000)
 Metaspace       used 78421K, committed 80128K, reserved 1179648K
  class space    used 8202K, committed 8960K, reserved 1048576K
}
Event: 413.962 GC heap after
{Heap after GC invocations=1374 (full 3):
 PSYoungGen      total 4608K, used 698K [0x00000000d5580000, 0x00000000d5b80000, 0x0000000100000000)
  eden space 3072K, 0% used [0x00000000d5580000,0x00000000d5580000,0x00000000d5880000)
  from space 1536K, 45% used [0x00000000d5880000,0x00000000d592e900,0x00000000d5a00000)
  to   space 1024K, 0% used [0x00000000d5a80000,0x00000000d5a80000,0x00000000d5b80000)
 ParOldGen       total 971776K, used 971406K [0x0000000080000000, 0x00000000bb500000, 0x00000000d5580000)
  object space 971776K, 99% used [0x0000000080000000,0x00000000bb4a3870,0x00000000bb500000)
 Metaspace       used 78421K, committed 80128K, reserved 1179648K
  class space    used 8202K, committed 8960K, reserved 1048576K
}
Event: 414.232 GC heap before
{Heap before GC invocations=1375 (full 3):
 PSYoungGen      total 4608K, used 3770K [0x00000000d5580000, 0x00000000d5b80000, 0x0000000100000000)
  eden space 3072K, 100% used [0x00000000d5580000,0x00000000d5880000,0x00000000d5880000)
  from space 1536K, 45% used [0x00000000d5880000,0x00000000d592e900,0x00000000d5a00000)
  to   space 1024K, 0% used [0x00000000d5a80000,0x00000000d5a80000,0x00000000d5b80000)
 ParOldGen       total 971776K, used 971406K [0x0000000080000000, 0x00000000bb500000, 0x00000000d5580000)
  object space 971776K, 99% used [0x0000000080000000,0x00000000bb4a3870,0x00000000bb500000)
 Metaspace       used 78463K, committed 80128K, reserved 1179648K
  class space    used 8205K, committed 8960K, reserved 1048576K
}
Event: 414.381 GC heap after
{Heap after GC invocations=1375 (full 3):
 PSYoungGen      total 5120K, used 496K [0x00000000d5580000, 0x00000000d5b80000, 0x0000000100000000)
  eden space 4096K, 0% used [0x00000000d5580000,0x00000000d5580000,0x00000000d5980000)
  from space 1024K, 48% used [0x00000000d5a80000,0x00000000d5afc010,0x00000000d5b80000)
  to   space 1024K, 0% used [0x00000000d5980000,0x00000000d5980000,0x00000000d5a80000)
 ParOldGen       total 972288K, used 971986K [0x0000000080000000, 0x00000000bb580000, 0x00000000d5580000)
  object space 972288K, 99% used [0x0000000080000000,0x00000000bb534a70,0x00000000bb580000)
 Metaspace       used 78463K, committed 80128K, reserved 1179648K
  class space    used 8205K, committed 8960K, reserved 1048576K
}
Event: 414.676 GC heap before
{Heap before GC invocations=1376 (full 3):
 PSYoungGen      total 5120K, used 4592K [0x00000000d5580000, 0x00000000d5b80000, 0x0000000100000000)
  eden space 4096K, 100% used [0x00000000d5580000,0x00000000d5980000,0x00000000d5980000)
  from space 1024K, 48% used [0x00000000d5a80000,0x00000000d5afc010,0x00000000d5b80000)
  to   space 1024K, 0% used [0x00000000d5980000,0x00000000d5980000,0x00000000d5a80000)
 ParOldGen       total 972288K, used 971986K [0x0000000080000000, 0x00000000bb580000, 0x00000000d5580000)
  object space 972288K, 99% used [0x0000000080000000,0x00000000bb534a70,0x00000000bb580000)
 Metaspace       used 78470K, committed 80192K, reserved 1179648K
  class space    used 8206K, committed 8960K, reserved 1048576K
}
Event: 414.842 GC heap after
{Heap after GC invocations=1376 (full 3):
 PSYoungGen      total 5120K, used 448K [0x00000000d5580000, 0x00000000d5b80000, 0x0000000100000000)
  eden space 4096K, 0% used [0x00000000d5580000,0x00000000d5580000,0x00000000d5980000)
  from space 1024K, 43% used [0x00000000d5980000,0x00000000d59f0000,0x00000000d5a80000)
  to   space 512K, 0% used [0x00000000d5b00000,0x00000000d5b00000,0x00000000d5b80000)
 ParOldGen       total 972800K, used 972405K [0x0000000080000000, 0x00000000bb600000, 0x00000000d5580000)
  object space 972800K, 99% used [0x0000000080000000,0x00000000bb59d5e8,0x00000000bb600000)
 Metaspace       used 78470K, committed 80192K, reserved 1179648K
  class space    used 8206K, committed 8960K, reserved 1048576K
}
Event: 415.030 GC heap before
{Heap before GC invocations=1377 (full 3):
 PSYoungGen      total 5120K, used 4544K [0x00000000d5580000, 0x00000000d5b80000, 0x0000000100000000)
  eden space 4096K, 100% used [0x00000000d5580000,0x00000000d5980000,0x00000000d5980000)
  from space 1024K, 43% used [0x00000000d5980000,0x00000000d59f0000,0x00000000d5a80000)
  to   space 512K, 0% used [0x00000000d5b00000,0x00000000d5b00000,0x00000000d5b80000)
 ParOldGen       total 972800K, used 972405K [0x0000000080000000, 0x00000000bb600000, 0x00000000d5580000)
  object space 972800K, 99% used [0x0000000080000000,0x00000000bb59d5e8,0x00000000bb600000)
 Metaspace       used 78503K, committed 80192K, reserved 1179648K
  class space    used 8207K, committed 8960K, reserved 1048576K
}
Event: 415.071 GC heap after
{Heap after GC invocations=1377 (full 3):
 PSYoungGen      total 4608K, used 492K [0x00000000d5580000, 0x00000000d5d80000, 0x0000000100000000)
  eden space 4096K, 0% used [0x00000000d5580000,0x00000000d5580000,0x00000000d5980000)
  from space 512K, 96% used [0x00000000d5b00000,0x00000000d5b7b0b8,0x00000000d5b80000)
  to   space 1536K, 0% used [0x00000000d5980000,0x00000000d5980000,0x00000000d5b00000)
 ParOldGen       total 973312K, used 973145K [0x0000000080000000, 0x00000000bb680000, 0x00000000d5580000)
  object space 973312K, 99% used [0x0000000080000000,0x00000000bb6567f8,0x00000000bb680000)
 Metaspace       used 78503K, committed 80192K, reserved 1179648K
  class space    used 8207K, committed 8960K, reserved 1048576K
}

